Data size  (1980, 30, 1)
Training size  (1584, 30, 1) (1608, 1)
Training labels size (1584, 1, 1) (1608, 1)
Test size  (396, 30, 1) (401, 1)
Test labels size (396, 1, 1) (401, 1)
Data normalization
Training (1584, 30, 1) Testing (396, 30, 1)
Iteration  0  of  161
Iteration  100  of  161
Arima (0, 0, 0) x (0, 0, 0, 12) : AIC Calculated = -1486.8661054412041, RMSE Calculated = 0.10244695306661156
Iteration  0  of  161
Iteration  100  of  161
Arima (0, 0, 0) x (0, 0, 1, 12) : AIC Calculated = -2729.257636457336, RMSE Calculated = 0.07032715423098714
Iteration  0  of  161
Iteration  100  of  161
Arima (0, 0, 0) x (0, 0, 2, 12) : AIC Calculated = -3288.347708181528, RMSE Calculated = 0.06388298236441951
Iteration  0  of  161
Iteration  100  of  161
Arima (0, 0, 0) x (1, 0, 0, 12) : AIC Calculated = -4117.6221921161805, RMSE Calculated = 0.05079341473284176
Iteration  0  of  161
Iteration  100  of  161
Arima (0, 0, 0) x (1, 0, 1, 12) : AIC Calculated = -4112.155291440242, RMSE Calculated = 0.05100988737002376
Iteration  0  of  161
Iteration  100  of  161
Arima (0, 0, 0) x (1, 0, 2, 12) : AIC Calculated = -4072.9343590224225, RMSE Calculated = 0.05046942079173655
Iteration  0  of  161
Iteration  100  of  161
Arima (0, 0, 0) x (2, 0, 0, 12) : AIC Calculated = -4073.7460647713733, RMSE Calculated = 0.050994061455897154
Iteration  0  of  161
Iteration  100  of  161
Arima (0, 0, 0) x (2, 0, 1, 12) : AIC Calculated = -4071.8593679878395, RMSE Calculated = 0.051006430592295454
Iteration  0  of  161
Iteration  100  of  161
Arima (0, 0, 0) x (2, 0, 2, 12) : AIC Calculated = -4074.424348825395, RMSE Calculated = 0.05061450783787765
Iteration  0  of  161
Iteration  100  of  161
Arima (0, 0, 1) x (0, 0, 0, 12) : AIC Calculated = -3505.7235817198152, RMSE Calculated = 0.05495176732276144
Iteration  0  of  161
Iteration  100  of  161
Arima (0, 0, 1) x (0, 0, 1, 12) : AIC Calculated = -4575.371262285271, RMSE Calculated = 0.038861949320339664
Iteration  0  of  161
Iteration  100  of  161
Arima (0, 0, 1) x (0, 0, 2, 12) : AIC Calculated = -4949.4855557600495, RMSE Calculated = 0.035073601803427334
Iteration  0  of  161
Iteration  100  of  161
Arima (0, 0, 1) x (1, 0, 0, 12) : AIC Calculated = -5627.594384934669, RMSE Calculated = 0.031170824146693872
Iteration  0  of  161
Iteration  100  of  161
Arima (0, 0, 1) x (1, 0, 1, 12) : AIC Calculated = -5628.996812578613, RMSE Calculated = 0.0319258318834385
Iteration  0  of  161
Iteration  100  of  161
Arima (0, 0, 1) x (1, 0, 2, 12) : AIC Calculated = -5575.202065490833, RMSE Calculated = 0.03203283365069464
Iteration  0  of  161
Iteration  100  of  161
Arima (0, 0, 1) x (2, 0, 0, 12) : AIC Calculated = -5583.917155603318, RMSE Calculated = 0.031849301922438254
Iteration  0  of  161
Iteration  100  of  161
Arima (0, 0, 1) x (2, 0, 1, 12) : AIC Calculated = -5585.374241482242, RMSE Calculated = 0.03206439204578092
Iteration  0  of  161
Iteration  100  of  161
Arima (0, 0, 1) x (2, 0, 2, 12) : AIC Calculated = -5574.877535436709, RMSE Calculated = 0.0320984216234921
Iteration  0  of  161
Iteration  100  of  161
Arima (0, 0, 2) x (0, 0, 0, 12) : AIC Calculated = -4832.466381399445, RMSE Calculated = 0.03739215288063085
Iteration  0  of  161
Iteration  100  of  161
Arima (0, 0, 2) x (0, 0, 1, 12) : AIC Calculated = -5572.33145488063, RMSE Calculated = 0.02879999458518705
Iteration  0  of  161
Iteration  100  of  161
Arima (0, 0, 2) x (0, 0, 2, 12) : AIC Calculated = -5793.9311140240425, RMSE Calculated = 0.027598449852096328
Iteration  0  of  161
Iteration  100  of  161
Arima (0, 0, 2) x (1, 0, 0, 12) : AIC Calculated = -6279.000667844429, RMSE Calculated = 0.0250960867980118
Iteration  0  of  161
Iteration  100  of  161
Arima (0, 0, 2) x (1, 0, 1, 12) : AIC Calculated = -6307.623244495073, RMSE Calculated = 0.025770291727502025
Iteration  0  of  161
Iteration  100  of  161
Arima (0, 0, 2) x (1, 0, 2, 12) : AIC Calculated = -6261.811425037234, RMSE Calculated = 0.025833744628622493
Iteration  0  of  161
Iteration  100  of  161
Arima (0, 0, 2) x (2, 0, 0, 12) : AIC Calculated = -6252.575740891925, RMSE Calculated = 0.025533971863150148
Iteration  0  of  161
Iteration  100  of  161
Arima (0, 0, 2) x (2, 0, 1, 12) : AIC Calculated = -6272.957086687311, RMSE Calculated = 0.02588258129996525
Iteration  0  of  161
Iteration  100  of  161
Arima (0, 0, 2) x (2, 0, 2, 12) : AIC Calculated = -6259.156665854962, RMSE Calculated = 0.02582598857156788
Iteration  0  of  161
Iteration  100  of  161
Arima (1, 0, 0) x (0, 0, 0, 12) : AIC Calculated = -8090.041684794637, RMSE Calculated = 0.015669372466903086
Iteration  0  of  161
Iteration  100  of  161
Arima (1, 0, 0) x (0, 0, 1, 12) : AIC Calculated = -8016.948689790645, RMSE Calculated = 0.015724545709399424
Iteration  0  of  161
Iteration  100  of  161
Arima (1, 0, 0) x (0, 0, 2, 12) : AIC Calculated = -7952.948326510176, RMSE Calculated = 0.015627883596021196
Iteration  0  of  161
Iteration  100  of  161
Arima (1, 0, 0) x (1, 0, 0, 12) : AIC Calculated = -8016.940690155369, RMSE Calculated = 0.015715090948035592
Iteration  0  of  161
Iteration  100  of  161
Arima (1, 0, 0) x (1, 0, 1, 12) : AIC Calculated = -8018.226303038589, RMSE Calculated = 0.015751971346878894
Iteration  0  of  161
Iteration  100  of  161
Arima (1, 0, 0) x (1, 0, 2, 12) : AIC Calculated = -7953.004638440243, RMSE Calculated = 0.015613640332577191
Iteration  0  of  161
Iteration  100  of  161
Arima (1, 0, 0) x (2, 0, 0, 12) : AIC Calculated = -7951.822948439132, RMSE Calculated = 0.015623422900080602
Iteration  0  of  161
Iteration  100  of  161
Arima (1, 0, 0) x (2, 0, 1, 12) : AIC Calculated = -7952.499318511171, RMSE Calculated = 0.015607041027492828
Iteration  0  of  161
Iteration  100  of  161
Arima (1, 0, 0) x (2, 0, 2, 12) : AIC Calculated = -7951.062434402891, RMSE Calculated = 0.01562009153435616
Iteration  0  of  161
Iteration  100  of  161
Arima (1, 0, 1) x (0, 0, 0, 12) : AIC Calculated = -8082.374977560417, RMSE Calculated = 0.015643226961826743
Iteration  0  of  161
Iteration  100  of  161
Arima (1, 0, 1) x (0, 0, 1, 12) : AIC Calculated = -8009.426752678496, RMSE Calculated = 0.01571293091425446
Iteration  0  of  161
Iteration  100  of  161
Arima (1, 0, 1) x (0, 0, 2, 12) : AIC Calculated = -7945.715433765473, RMSE Calculated = 0.015605062092816988
Iteration  0  of  161
Iteration  100  of  161
Arima (1, 0, 1) x (1, 0, 0, 12) : AIC Calculated = -8015.216066403956, RMSE Calculated = 0.015709060118808352
Iteration  0  of  161
Iteration  100  of  161
Arima (1, 0, 1) x (1, 0, 1, 12) : AIC Calculated = -8010.484957614193, RMSE Calculated = 0.015725096184483228
Iteration  0  of  161
Iteration  100  of  161
Arima (1, 0, 1) x (1, 0, 2, 12) : AIC Calculated = -7945.67434701391, RMSE Calculated = 0.015601222186992668
Iteration  0  of  161
Iteration  100  of  161
Arima (1, 0, 1) x (2, 0, 0, 12) : AIC Calculated = -7950.77672775903, RMSE Calculated = 0.015582807922419655
Iteration  0  of  161
Iteration  100  of  161
Arima (1, 0, 1) x (2, 0, 1, 12) : AIC Calculated = -7951.279185708135, RMSE Calculated = 0.015578156814914588
Iteration  0  of  161
Iteration  100  of  161
Arima (1, 0, 1) x (2, 0, 2, 12) : AIC Calculated = -7943.695796397131, RMSE Calculated = 0.015582698665489319
Iteration  0  of  161
Iteration  100  of  161
Arima (1, 0, 2) x (0, 0, 0, 12) : AIC Calculated = -8097.6972001023105, RMSE Calculated = 0.015420253874092656
Iteration  0  of  161
Iteration  100  of  161
Arima (1, 0, 2) x (0, 0, 1, 12) : AIC Calculated = -8025.260426473093, RMSE Calculated = 0.015453706588274803
Iteration  0  of  161
Iteration  100  of  161
Arima (1, 0, 2) x (0, 0, 2, 12) : AIC Calculated = -7961.5953000547315, RMSE Calculated = 0.015345512570563418
Iteration  0  of  161
Iteration  100  of  161
Arima (1, 0, 2) x (1, 0, 0, 12) : AIC Calculated = -8037.106488181271, RMSE Calculated = 0.015453996803044172
Iteration  0  of  161
Iteration  100  of  161
Arima (1, 0, 2) x (1, 0, 1, 12) : AIC Calculated = -8026.988977453559, RMSE Calculated = 0.015487467714324996
Iteration  0  of  161
Iteration  100  of  161
Arima (1, 0, 2) x (1, 0, 2, 12) : AIC Calculated = -7961.8526223075705, RMSE Calculated = 0.015338790241000077
Iteration  0  of  161
Iteration  100  of  161
Arima (1, 0, 2) x (2, 0, 0, 12) : AIC Calculated = -7972.407416291306, RMSE Calculated = 0.015335555019933469
Iteration  0  of  161
Iteration  100  of  161
Arima (1, 0, 2) x (2, 0, 1, 12) : AIC Calculated = -7973.402518440727, RMSE Calculated = 0.015356885983271498
Iteration  0  of  161
Iteration  100  of  161
Arima (1, 0, 2) x (2, 0, 2, 12) : AIC Calculated = -7959.765192823048, RMSE Calculated = 0.015352019945725623
Iteration  0  of  161
Iteration  100  of  161
Arima (2, 0, 0) x (0, 0, 0, 12) : AIC Calculated = -8082.298915963758, RMSE Calculated = 0.01565753659241447
Iteration  0  of  161
Iteration  100  of  161
Arima (2, 0, 0) x (0, 0, 1, 12) : AIC Calculated = -8015.391015618296, RMSE Calculated = 0.01571196102520197
Iteration  0  of  161
Iteration  100  of  161
Arima (2, 0, 0) x (0, 0, 2, 12) : AIC Calculated = -7951.61111342352, RMSE Calculated = 0.015599332461928187
Iteration  0  of  161
Iteration  100  of  161
Arima (2, 0, 0) x (1, 0, 0, 12) : AIC Calculated = -8009.190891785172, RMSE Calculated = 0.015700183727680433
Iteration  0  of  161
Iteration  100  of  161
Arima (2, 0, 0) x (1, 0, 1, 12) : AIC Calculated = -8010.508852794291, RMSE Calculated = 0.015733615933817155
Iteration  0  of  161
Iteration  100  of  161
Arima (2, 0, 0) x (1, 0, 2, 12) : AIC Calculated = -7951.492487561213, RMSE Calculated = 0.015593256248174939
Iteration  0  of  161
Iteration  100  of  161
Arima (2, 0, 0) x (2, 0, 0, 12) : AIC Calculated = -7944.542131406328, RMSE Calculated = 0.015591960151115455
Iteration  0  of  161
Iteration  100  of  161
Arima (2, 0, 0) x (2, 0, 1, 12) : AIC Calculated = -7945.126592966938, RMSE Calculated = 0.015613038568347375
Iteration  0  of  161
Iteration  100  of  161
Arima (2, 0, 0) x (2, 0, 2, 12) : AIC Calculated = -7943.548411249351, RMSE Calculated = 0.015596938788848805
Iteration  0  of  161
Iteration  100  of  161
Arima (2, 0, 1) x (0, 0, 0, 12) : AIC Calculated = -8081.265733252866, RMSE Calculated = 0.015617145436908456
Iteration  0  of  161
Iteration  100  of  161
Arima (2, 0, 1) x (0, 0, 1, 12) : AIC Calculated = -8008.261058090516, RMSE Calculated = 0.017886349661180967
Iteration  0  of  161
Iteration  100  of  161
Arima (2, 0, 1) x (0, 0, 2, 12) : AIC Calculated = -2712.2149236732394, RMSE Calculated = 0.03796926744011881
Iteration  0  of  161
Iteration  100  of  161
Arima (2, 0, 1) x (1, 0, 0, 12) : AIC Calculated = -8007.645155859387, RMSE Calculated = 0.01758486983852402
Iteration  0  of  161
Iteration  100  of  161
Arima (2, 0, 1) x (1, 0, 1, 12) : AIC Calculated = -8006.018338183724, RMSE Calculated = 0.04328071984868731
Iteration  0  of  161
Iteration  100  of  161
Arima (2, 0, 1) x (1, 0, 2, 12) : AIC Calculated = -7532.070619961653, RMSE Calculated = 0.04412682457175375
Iteration  0  of  161
Iteration  100  of  161
Arima (2, 0, 1) x (2, 0, 0, 12) : AIC Calculated = -7614.803829005117, RMSE Calculated = 0.07929803241080509
Iteration  0  of  161
Iteration  100  of  161
Arima (2, 0, 1) x (2, 0, 1, 12) : AIC Calculated = -7942.974618565486, RMSE Calculated = 0.036754218201353744
Iteration  0  of  161
Iteration  100  of  161
Arima (2, 0, 1) x (2, 0, 2, 12) : AIC Calculated = -6749.298178125304, RMSE Calculated = 0.026374876563316087
Iteration  0  of  161
Iteration  100  of  161
Arima (2, 0, 2) x (0, 0, 0, 12) : AIC Calculated = -8106.542804768809, RMSE Calculated = 0.015350939029181623
Iteration  0  of  161
Iteration  100  of  161
Arima (2, 0, 2) x (0, 0, 1, 12) : AIC Calculated = -8031.456993689223, RMSE Calculated = 0.015443317914481959
Iteration  0  of  161
Iteration  100  of  161
Arima (2, 0, 2) x (0, 0, 2, 12) : AIC Calculated = -7967.590154938503, RMSE Calculated = 0.015511491719254485
Iteration  0  of  161
Iteration  100  of  161
Arima (2, 0, 2) x (1, 0, 0, 12) : AIC Calculated = -8038.218309705791, RMSE Calculated = 0.015570778354891625
Iteration  0  of  161
Iteration  100  of  161
Arima (2, 0, 2) x (1, 0, 1, 12) : AIC Calculated = -8035.384289683213, RMSE Calculated = 0.01544934955124547
Iteration  0  of  161
Iteration  100  of  161
Arima (2, 0, 2) x (1, 0, 2, 12) : AIC Calculated = -7963.101457633086, RMSE Calculated = 0.015351405429646017
Iteration  0  of  161
Iteration  100  of  161
Arima (2, 0, 2) x (2, 0, 0, 12) : AIC Calculated = -7969.870739026891, RMSE Calculated = 0.015490459046396704
Iteration  0  of  161
Iteration  100  of  161
Arima (2, 0, 2) x (2, 0, 1, 12) : AIC Calculated = -7968.5236578763, RMSE Calculated = 0.015453402889101128
Iteration  0  of  161
Iteration  100  of  161
Arima (2, 0, 2) x (2, 0, 2, 12) : AIC Calculated = -7960.256882315091, RMSE Calculated = 0.015468376731335262
          pdq           pdqs          aic      rmse
0   (0, 0, 0)  (0, 0, 0, 12) -1486.866105  0.102447
1   (0, 0, 0)  (0, 0, 1, 12) -2729.257636  0.070327
2   (0, 0, 0)  (0, 0, 2, 12) -3288.347708  0.063883
3   (0, 0, 0)  (1, 0, 0, 12) -4117.622192  0.050793
4   (0, 0, 0)  (1, 0, 1, 12) -4112.155291  0.051010
..        ...            ...          ...       ...
76  (2, 0, 2)  (1, 0, 1, 12) -8035.384290  0.015449
77  (2, 0, 2)  (1, 0, 2, 12) -7963.101458  0.015351
78  (2, 0, 2)  (2, 0, 0, 12) -7969.870739  0.015490
79  (2, 0, 2)  (2, 0, 1, 12) -7968.523658  0.015453
80  (2, 0, 2)  (2, 0, 2, 12) -7960.256882  0.015468

[81 rows x 4 columns]