Data size  (1980, 30, 1)
Training size  (1584, 30, 1) (1608, 1)
Training labels size (1584, 1, 1) (1608, 1)
Test size  (396, 30, 1) (401, 1)
Test labels size (396, 1, 1) (401, 1)
Data normalization
Training (1584, 30, 1) Testing (396, 30, 1)
iteration 0  out of  322
iteration 100  out of  322
iteration 200  out of  322
iteration 300  out of  322
GARCH (1, 1) : Mean LS : AIC Calculated = -2957.119269289288, RMSE Calculated = 0.0872317926226975
iteration 0  out of  322
iteration 100  out of  322
iteration 200  out of  322
iteration 300  out of  322
GARCH (1, 2) : Mean LS : AIC Calculated = -3634.8849184340497, RMSE Calculated = 0.09015446640279377
iteration 0  out of  322
iteration 100  out of  322
iteration 200  out of  322
iteration 300  out of  322
GARCH (2, 1) : Mean LS : AIC Calculated = -3833.210624406571, RMSE Calculated = 0.09079702295351419
iteration 0  out of  322
iteration 100  out of  322
iteration 200  out of  322
iteration 300  out of  322
GARCH (2, 2) : Mean LS : AIC Calculated = -3749.792452838391, RMSE Calculated = 0.08841132245264959
iteration 0  out of  322
iteration 100  out of  322
iteration 200  out of  322
iteration 300  out of  322
GARCH (1, 1) : Mean Constant : AIC Calculated = -2957.119269289288, RMSE Calculated = 0.0872317926226975
iteration 0  out of  322
iteration 100  out of  322
iteration 200  out of  322
iteration 300  out of  322
GARCH (1, 2) : Mean Constant : AIC Calculated = -3634.8849184340497, RMSE Calculated = 0.09015446640279377
iteration 0  out of  322
iteration 100  out of  322
iteration 200  out of  322
iteration 300  out of  322
GARCH (2, 1) : Mean Constant : AIC Calculated = -3833.210624406571, RMSE Calculated = 0.09079702295351419
iteration 0  out of  322
iteration 100  out of  322
iteration 200  out of  322
iteration 300  out of  322
GARCH (2, 2) : Mean Constant : AIC Calculated = -3749.792452838391, RMSE Calculated = 0.08841132245264959
iteration 0  out of  322
iteration 100  out of  322
iteration 200  out of  322
iteration 300  out of  322
GARCH (1, 1) : Mean AR : AIC Calculated = -2957.119269289288, RMSE Calculated = 0.0872317926226975
iteration 0  out of  322
iteration 100  out of  322
iteration 200  out of  322
iteration 300  out of  322
GARCH (1, 2) : Mean AR : AIC Calculated = -3634.8849184340497, RMSE Calculated = 0.09015446640279377
iteration 0  out of  322
iteration 100  out of  322
iteration 200  out of  322
iteration 300  out of  322
GARCH (2, 1) : Mean AR : AIC Calculated = -3833.210624406571, RMSE Calculated = 0.09079702295351419
iteration 0  out of  322
iteration 100  out of  322
iteration 200  out of  322
iteration 300  out of  322
GARCH (2, 2) : Mean AR : AIC Calculated = -3749.792452838391, RMSE Calculated = 0.08841132245264959